  [1m[36m (3.2ms)[0m  [1mCREATE TABLE "schema_migrations" ("version" varchar(255) NOT NULL) [0m
  [1m[35m (0.2ms)[0m  select sqlite_version(*)
  [1m[36m (2.6ms)[0m  [1mCREATE UNIQUE INDEX "unique_schema_migrations" ON "schema_migrations" ("version")[0m
  [1m[35mActiveRecord::SchemaMigration Load (0.1ms)[0m  SELECT "schema_migrations".* FROM "schema_migrations"
  [1m[36mActiveRecord::SchemaMigration Load (0.1ms)[0m  [1mSELECT "schema_migrations".* FROM "schema_migrations"[0m
  [1m[36m (3.2ms)[0m  [1mCREATE TABLE "schema_migrations" ("version" varchar(255) NOT NULL) [0m
  [1m[35m (0.1ms)[0m  select sqlite_version(*)
  [1m[36m (2.7ms)[0m  [1mCREATE UNIQUE INDEX "unique_schema_migrations" ON "schema_migrations" ("version")[0m
  [1m[35m (0.1ms)[0m  SELECT version FROM "schema_migrations"
  [1m[36m (1.5ms)[0m  [1mINSERT INTO "schema_migrations" (version) VALUES ('0')[0m
  [1m[35mActiveRecord::SchemaMigration Load (0.1ms)[0m  SELECT "schema_migrations".* FROM "schema_migrations"
  [1m[36mActiveRecord::SchemaMigration Load (0.1ms)[0m  [1mSELECT "schema_migrations".* FROM "schema_migrations"[0m
Migrating to CreateContacts (20160214094710)
  [1m[35m (0.1ms)[0m  begin transaction
  [1m[36m (0.4ms)[0m  [1mCREATE TABLE "contacts" ("id" INTEGER PRIMARY KEY AUTOINCREMENT NOT NULL, "name" varchar(255), "phone" varchar(255), "email" varchar(255), "created_at" datetime NOT NULL, "updated_at" datetime NOT NULL) [0m
  [1m[35mSQL (0.1ms)[0m  INSERT INTO "schema_migrations" ("version") VALUES (?)  [["version", "20160214094710"]]
  [1m[36m (2.2ms)[0m  [1mcommit transaction[0m
  [1m[35mActiveRecord::SchemaMigration Load (0.1ms)[0m  SELECT "schema_migrations".* FROM "schema_migrations"
  [1m[36mActiveRecord::SchemaMigration Load (0.1ms)[0m  [1mSELECT "schema_migrations".* FROM "schema_migrations"[0m
  [1m[35m (0.2ms)[0m  begin transaction
  [1m[36mSQL (0.3ms)[0m  [1mINSERT INTO "contacts" ("created_at", "email", "name", "phone", "updated_at") VALUES (?, ?, ?, ?, ?)[0m  [["created_at", "2016-06-10 07:12:31.071574"], ["email", "tjeff@us.gov"], ["name", "Thomas Jefferson"], ["phone", "+1 206 310 1369"], ["updated_at", "2016-06-10 07:12:31.071574"]]
  [1m[35m (1.7ms)[0m  commit transaction
  [1m[36m (0.0ms)[0m  [1mbegin transaction[0m
  [1m[35mSQL (0.1ms)[0m  INSERT INTO "contacts" ("created_at", "email", "name", "phone", "updated_at") VALUES (?, ?, ?, ?, ?)  [["created_at", "2016-06-10 07:12:31.076163"], ["email", "darles@evolve.org"], ["name", "Charles Darwin"], ["phone", "+44 20 7123 4567"], ["updated_at", "2016-06-10 07:12:31.076163"]]
  [1m[36m (1.3ms)[0m  [1mcommit transaction[0m
  [1m[35m (0.0ms)[0m  begin transaction
  [1m[36mSQL (0.1ms)[0m  [1mINSERT INTO "contacts" ("created_at", "email", "name", "phone", "updated_at") VALUES (?, ?, ?, ?, ?)[0m  [["created_at", "2016-06-10 07:12:31.078455"], ["email", "nik@inductlabs.com"], ["name", "Nikola Tesla"], ["phone", "+385 43 987 3355"], ["updated_at", "2016-06-10 07:12:31.078455"]]
  [1m[35m (1.4ms)[0m  commit transaction
  [1m[36m (0.1ms)[0m  [1mbegin transaction[0m
  [1m[35mSQL (0.1ms)[0m  INSERT INTO "contacts" ("created_at", "email", "name", "phone", "updated_at") VALUES (?, ?, ?, ?, ?)  [["created_at", "2016-06-10 07:12:31.080739"], ["email", "contact@empire.com"], ["name", "Genghis Khan"], ["phone", "+976 2 194 2222"], ["updated_at", "2016-06-10 07:12:31.080739"]]
  [1m[36m (1.3ms)[0m  [1mcommit transaction[0m
  [1m[35m (0.0ms)[0m  begin transaction
  [1m[36mSQL (0.1ms)[0m  [1mINSERT INTO "contacts" ("created_at", "email", "name", "phone", "updated_at") VALUES (?, ?, ?, ?, ?)[0m  [["created_at", "2016-06-10 07:12:31.082884"], ["email", "x@theroost.org"], ["name", "Malcom X"], ["phone", "+1 310 155 8822"], ["updated_at", "2016-06-10 07:12:31.082884"]]
  [1m[35m (1.4ms)[0m  commit transaction
  [1m[36mContact Load (2.1ms)[0m  [1mSELECT "contacts".* FROM "contacts"[0m


Started GET "/contacts/new" for 127.0.0.1 at 2016-06-10 09:53:02 +0200
  [1m[36mActiveRecord::SchemaMigration Load (0.1ms)[0m  [1mSELECT "schema_migrations".* FROM "schema_migrations"[0m
Processing by ContactsController#new as HTML
  Rendered contacts/new.html.erb within layouts/application (17.4ms)
Completed 200 OK in 735ms (Views: 726.4ms | ActiveRecord: 0.3ms)


Started GET "/assets/contacts.css?body=1" for 127.0.0.1 at 2016-06-10 09:53:03 +0200


Started GET "/assets/application.css?body=1" for 127.0.0.1 at 2016-06-10 09:53:03 +0200


Started GET "/assets/jquery.js?body=1" for 127.0.0.1 at 2016-06-10 09:53:03 +0200


Started GET "/assets/jquery_ujs.js?body=1" for 127.0.0.1 at 2016-06-10 09:53:03 +0200


Started GET "/assets/turbolinks.js?body=1" for 127.0.0.1 at 2016-06-10 09:53:03 +0200


Started GET "/assets/application.js?body=1" for 127.0.0.1 at 2016-06-10 09:53:03 +0200


Started GET "/assets/contacts.js?body=1" for 127.0.0.1 at 2016-06-10 09:53:04 +0200


Started GET "/" for 127.0.0.1 at 2016-06-12 08:02:00 +0200
  [1m[36mActiveRecord::SchemaMigration Load (0.1ms)[0m  [1mSELECT "schema_migrations".* FROM "schema_migrations"[0m
Processing by ContactsController#index as HTML
  [1m[35mContact Load (0.2ms)[0m  SELECT "contacts".* FROM "contacts"
  Rendered contacts/index.html.erb within layouts/application (8.3ms)
Completed 200 OK in 108ms (Views: 97.7ms | ActiveRecord: 0.7ms)


Started GET "/assets/contacts.css?body=1" for 127.0.0.1 at 2016-06-12 08:02:00 +0200


Started GET "/assets/application.css?body=1" for 127.0.0.1 at 2016-06-12 08:02:00 +0200


Started GET "/assets/jquery.js?body=1" for 127.0.0.1 at 2016-06-12 08:02:00 +0200


Started GET "/assets/jquery_ujs.js?body=1" for 127.0.0.1 at 2016-06-12 08:02:00 +0200


Started GET "/assets/application.js?body=1" for 127.0.0.1 at 2016-06-12 08:02:00 +0200


Started GET "/assets/turbolinks.js?body=1" for 127.0.0.1 at 2016-06-12 08:02:01 +0200


Started GET "/assets/contacts.js?body=1" for 127.0.0.1 at 2016-06-12 08:02:01 +0200


Started GET "/contacts/1" for 127.0.0.1 at 2016-06-12 08:02:09 +0200
Processing by ContactsController#show as HTML
  Parameters: {"id"=>"1"}
  [1m[36mContact Load (0.2ms)[0m  [1mSELECT  "contacts".* FROM "contacts"  WHERE "contacts"."id" = ? LIMIT 1[0m  [["id", 1]]
Completed 500 Internal Server Error in 6ms

ActionView::MissingTemplate (Missing template contacts/show, application/show with {:locale=>[:en], :formats=>[:html, :xml], :variants=>[], :handlers=>[:erb, :builder, :raw, :ruby, :coffee, :jbuilder]}. Searched in:
  * "/home/zahari/workspace/codaissuer/Rails/tacta/app/views"
):
  actionview (4.1.5) lib/action_view/path_set.rb:46:in `find'
  actionview (4.1.5) lib/action_view/lookup_context.rb:124:in `find'
  actionview (4.1.5) lib/action_view/renderer/abstract_renderer.rb:18:in `find_template'
  actionview (4.1.5) lib/action_view/renderer/template_renderer.rb:41:in `determine_template'
  actionview (4.1.5) lib/action_view/renderer/template_renderer.rb:8:in `render'
  actionview (4.1.5) lib/action_view/renderer/renderer.rb:42:in `render_template'
  actionview (4.1.5) lib/action_view/renderer/renderer.rb:23:in `render'
  actionview (4.1.5) lib/action_view/rendering.rb:99:in `_render_template'
  actionpack (4.1.5) lib/action_controller/metal/streaming.rb:217:in `_render_template'
  actionview (4.1.5) lib/action_view/rendering.rb:82:in `render_to_body'
  actionpack (4.1.5) lib/action_controller/metal/rendering.rb:32:in `render_to_body'
  actionpack (4.1.5) lib/action_controller/metal/renderers.rb:32:in `render_to_body'
  actionpack (4.1.5) lib/abstract_controller/rendering.rb:25:in `render'
  actionpack (4.1.5) lib/action_controller/metal/rendering.rb:16:in `render'
  actionpack (4.1.5) lib/action_controller/metal/instrumentation.rb:41:in `block (2 levels) in render'
  activesupport (4.1.5) lib/active_support/core_ext/benchmark.rb:12:in `block in ms'
  /usr/share/ruby/benchmark.rb:294:in `realtime'
  activesupport (4.1.5) lib/active_support/core_ext/benchmark.rb:12:in `ms'
  actionpack (4.1.5) lib/action_controller/metal/instrumentation.rb:41:in `block in render'
  actionpack (4.1.5) lib/action_controller/metal/instrumentation.rb:84:in `cleanup_view_runtime'
  activerecord (4.1.5) lib/active_record/railties/controller_runtime.rb:25:in `cleanup_view_runtime'
  actionpack (4.1.5) lib/action_controller/metal/instrumentation.rb:40:in `render'
  actionpack (4.1.5) lib/action_controller/metal/implicit_render.rb:10:in `default_render'
  actionpack (4.1.5) lib/action_controller/metal/implicit_render.rb:5:in `send_action'
  actionpack (4.1.5) lib/abstract_controller/base.rb:189:in `process_action'
  actionpack (4.1.5) lib/action_controller/metal/rendering.rb:10:in `process_action'
  actionpack (4.1.5) lib/abstract_controller/callbacks.rb:20:in `block in process_action'
  activesupport (4.1.5) lib/active_support/callbacks.rb:113:in `call'
  activesupport (4.1.5) lib/active_support/callbacks.rb:113:in `call'
  activesupport (4.1.5) lib/active_support/callbacks.rb:229:in `block in halting'
  activesupport (4.1.5) lib/active_support/callbacks.rb:229:in `call'
  activesupport (4.1.5) lib/active_support/callbacks.rb:229:in `block in halting'
  activesupport (4.1.5) lib/active_support/callbacks.rb:166:in `call'
  activesupport (4.1.5) lib/active_support/callbacks.rb:166:in `block in halting'
  activesupport (4.1.5) lib/active_support/callbacks.rb:166:in `call'
  activesupport (4.1.5) lib/active_support/callbacks.rb:166:in `block in halting'
  activesupport (4.1.5) lib/active_support/callbacks.rb:166:in `call'
  activesupport (4.1.5) lib/active_support/callbacks.rb:166:in `block in halting'
  activesupport (4.1.5) lib/active_support/callbacks.rb:86:in `call'
  activesupport (4.1.5) lib/active_support/callbacks.rb:86:in `run_callbacks'
  actionpack (4.1.5) lib/abstract_controller/callbacks.rb:19:in `process_action'
  actionpack (4.1.5) lib/action_controller/metal/rescue.rb:29:in `process_action'
  actionpack (4.1.5) lib/action_controller/metal/instrumentation.rb:31:in `block in process_action'
  activesupport (4.1.5) lib/active_support/notifications.rb:159:in `block in instrument'
  activesupport (4.1.5) lib/active_support/notifications/instrumenter.rb:20:in `instrument'
  activesupport (4.1.5) lib/active_support/notifications.rb:159:in `instrument'
  actionpack (4.1.5) lib/action_controller/metal/instrumentation.rb:30:in `process_action'
  actionpack (4.1.5) lib/action_controller/metal/params_wrapper.rb:250:in `process_action'
  activerecord (4.1.5) lib/active_record/railties/controller_runtime.rb:18:in `process_action'
  actionpack (4.1.5) lib/abstract_controller/base.rb:136:in `process'
  actionview (4.1.5) lib/action_view/rendering.rb:30:in `process'
  actionpack (4.1.5) lib/action_controller/metal.rb:196:in `dispatch'
  actionpack (4.1.5) lib/action_controller/metal/rack_delegation.rb:13:in `dispatch'
  actionpack (4.1.5) lib/action_controller/metal.rb:232:in `block in action'
  actionpack (4.1.5) lib/action_dispatch/routing/route_set.rb:82:in `call'
  actionpack (4.1.5) lib/action_dispatch/routing/route_set.rb:82:in `dispatch'
  actionpack (4.1.5) lib/action_dispatch/routing/route_set.rb:50:in `call'
  actionpack (4.1.5) lib/action_dispatch/journey/router.rb:71:in `block in call'
  actionpack (4.1.5) lib/action_dispatch/journey/router.rb:59:in `each'
  actionpack (4.1.5) lib/action_dispatch/journey/router.rb:59:in `call'
  actionpack (4.1.5) lib/action_dispatch/routing/route_set.rb:678:in `call'
  rack (1.5.5) lib/rack/etag.rb:23:in `call'
  rack (1.5.5) lib/rack/conditionalget.rb:25:in `call'
  rack (1.5.5) lib/rack/head.rb:11:in `call'
  actionpack (4.1.5) lib/action_dispatch/middleware/params_parser.rb:27:in `call'
  actionpack (4.1.5) lib/action_dispatch/middleware/flash.rb:254:in `call'
  rack (1.5.5) lib/rack/session/abstract/id.rb:225:in `context'
  rack (1.5.5) lib/rack/session/abstract/id.rb:220:in `call'
  actionpack (4.1.5) lib/action_dispatch/middleware/cookies.rb:560:in `call'
  activerecord (4.1.5) lib/active_record/query_cache.rb:36:in `call'
  activerecord (4.1.5) lib/active_record/connection_adapters/abstract/connection_pool.rb:621:in `call'
  activerecord (4.1.5) lib/active_record/migration.rb:380:in `call'
  actionpack (4.1.5) lib/action_dispatch/middleware/callbacks.rb:29:in `block in call'
  activesupport (4.1.5) lib/active_support/callbacks.rb:82:in `run_callbacks'
  actionpack (4.1.5) lib/action_dispatch/middleware/callbacks.rb:27:in `call'
  actionpack (4.1.5) lib/action_dispatch/middleware/reloader.rb:73:in `call'
  actionpack (4.1.5) lib/action_dispatch/middleware/remote_ip.rb:76:in `call'
  actionpack (4.1.5) lib/action_dispatch/middleware/debug_exceptions.rb:17:in `call'
  actionpack (4.1.5) lib/action_dispatch/middleware/show_exceptions.rb:30:in `call'
  railties (4.1.5) lib/rails/rack/logger.rb:38:in `call_app'
  railties (4.1.5) lib/rails/rack/logger.rb:20:in `block in call'
  activesupport (4.1.5) lib/active_support/tagged_logging.rb:68:in `block in tagged'
  activesupport (4.1.5) lib/active_support/tagged_logging.rb:26:in `tagged'
  activesupport (4.1.5) lib/active_support/tagged_logging.rb:68:in `tagged'
  railties (4.1.5) lib/rails/rack/logger.rb:20:in `call'
  actionpack (4.1.5) lib/action_dispatch/middleware/request_id.rb:21:in `call'
  rack (1.5.5) lib/rack/methodoverride.rb:21:in `call'
  rack (1.5.5) lib/rack/runtime.rb:17:in `call'
  activesupport (4.1.5) lib/active_support/cache/strategy/local_cache_middleware.rb:26:in `call'
  rack (1.5.5) lib/rack/lock.rb:17:in `call'
  actionpack (4.1.5) lib/action_dispatch/middleware/static.rb:64:in `call'
  rack (1.5.5) lib/rack/sendfile.rb:112:in `call'
  railties (4.1.5) lib/rails/engine.rb:514:in `call'
  railties (4.1.5) lib/rails/application.rb:144:in `call'
  rack (1.5.5) lib/rack/lock.rb:17:in `call'
  rack (1.5.5) lib/rack/content_length.rb:14:in `call'
  rack (1.5.5) lib/rack/handler/webrick.rb:60:in `service'
  /usr/share/ruby/webrick/httpserver.rb:138:in `service'
  /usr/share/ruby/webrick/httpserver.rb:94:in `run'
  /usr/share/ruby/webrick/server.rb:295:in `block in start_thread'


  Rendered /home/zahari/.gem/ruby/gems/actionpack-4.1.5/lib/action_dispatch/middleware/templates/rescues/missing_template.html.erb within rescues/layout (1.7ms)


Started GET "/contacts/1" for 127.0.0.1 at 2016-06-12 08:02:09 +0200
Processing by ContactsController#show as HTML
  Parameters: {"id"=>"1"}
  [1m[35mContact Load (0.2ms)[0m  SELECT  "contacts".* FROM "contacts"  WHERE "contacts"."id" = ? LIMIT 1  [["id", 1]]
Completed 500 Internal Server Error in 3ms

ActionView::MissingTemplate (Missing template contacts/show, application/show with {:locale=>[:en], :formats=>[:html], :variants=>[], :handlers=>[:erb, :builder, :raw, :ruby, :coffee, :jbuilder]}. Searched in:
  * "/home/zahari/workspace/codaissuer/Rails/tacta/app/views"
):
  actionview (4.1.5) lib/action_view/path_set.rb:46:in `find'
  actionview (4.1.5) lib/action_view/lookup_context.rb:124:in `find'
  actionview (4.1.5) lib/action_view/renderer/abstract_renderer.rb:18:in `find_template'
  actionview (4.1.5) lib/action_view/renderer/template_renderer.rb:41:in `determine_template'
  actionview (4.1.5) lib/action_view/renderer/template_renderer.rb:8:in `render'
  actionview (4.1.5) lib/action_view/renderer/renderer.rb:42:in `render_template'
  actionview (4.1.5) lib/action_view/renderer/renderer.rb:23:in `render'
  actionview (4.1.5) lib/action_view/rendering.rb:99:in `_render_template'
  actionpack (4.1.5) lib/action_controller/metal/streaming.rb:217:in `_render_template'
  actionview (4.1.5) lib/action_view/rendering.rb:82:in `render_to_body'
  actionpack (4.1.5) lib/action_controller/metal/rendering.rb:32:in `render_to_body'
  actionpack (4.1.5) lib/action_controller/metal/renderers.rb:32:in `render_to_body'
  actionpack (4.1.5) lib/abstract_controller/rendering.rb:25:in `render'
  actionpack (4.1.5) lib/action_controller/metal/rendering.rb:16:in `render'
  actionpack (4.1.5) lib/action_controller/metal/instrumentation.rb:41:in `block (2 levels) in render'
  activesupport (4.1.5) lib/active_support/core_ext/benchmark.rb:12:in `block in ms'
  /usr/share/ruby/benchmark.rb:294:in `realtime'
  activesupport (4.1.5) lib/active_support/core_ext/benchmark.rb:12:in `ms'
  actionpack (4.1.5) lib/action_controller/metal/instrumentation.rb:41:in `block in render'
  actionpack (4.1.5) lib/action_controller/metal/instrumentation.rb:84:in `cleanup_view_runtime'
  activerecord (4.1.5) lib/active_record/railties/controller_runtime.rb:25:in `cleanup_view_runtime'
  actionpack (4.1.5) lib/action_controller/metal/instrumentation.rb:40:in `render'
  actionpack (4.1.5) lib/action_controller/metal/implicit_render.rb:10:in `default_render'
  actionpack (4.1.5) lib/action_controller/metal/implicit_render.rb:5:in `send_action'
  actionpack (4.1.5) lib/abstract_controller/base.rb:189:in `process_action'
  actionpack (4.1.5) lib/action_controller/metal/rendering.rb:10:in `process_action'
  actionpack (4.1.5) lib/abstract_controller/callbacks.rb:20:in `block in process_action'
  activesupport (4.1.5) lib/active_support/callbacks.rb:113:in `call'
  activesupport (4.1.5) lib/active_support/callbacks.rb:113:in `call'
  activesupport (4.1.5) lib/active_support/callbacks.rb:229:in `block in halting'
  activesupport (4.1.5) lib/active_support/callbacks.rb:229:in `call'
  activesupport (4.1.5) lib/active_support/callbacks.rb:229:in `block in halting'
  activesupport (4.1.5) lib/active_support/callbacks.rb:166:in `call'
  activesupport (4.1.5) lib/active_support/callbacks.rb:166:in `block in halting'
  activesupport (4.1.5) lib/active_support/callbacks.rb:166:in `call'
  activesupport (4.1.5) lib/active_support/callbacks.rb:166:in `block in halting'
  activesupport (4.1.5) lib/active_support/callbacks.rb:166:in `call'
  activesupport (4.1.5) lib/active_support/callbacks.rb:166:in `block in halting'
  activesupport (4.1.5) lib/active_support/callbacks.rb:86:in `call'
  activesupport (4.1.5) lib/active_support/callbacks.rb:86:in `run_callbacks'
  actionpack (4.1.5) lib/abstract_controller/callbacks.rb:19:in `process_action'
  actionpack (4.1.5) lib/action_controller/metal/rescue.rb:29:in `process_action'
  actionpack (4.1.5) lib/action_controller/metal/instrumentation.rb:31:in `block in process_action'
  activesupport (4.1.5) lib/active_support/notifications.rb:159:in `block in instrument'
  activesupport (4.1.5) lib/active_support/notifications/instrumenter.rb:20:in `instrument'
  activesupport (4.1.5) lib/active_support/notifications.rb:159:in `instrument'
  actionpack (4.1.5) lib/action_controller/metal/instrumentation.rb:30:in `process_action'
  actionpack (4.1.5) lib/action_controller/metal/params_wrapper.rb:250:in `process_action'
  activerecord (4.1.5) lib/active_record/railties/controller_runtime.rb:18:in `process_action'
  actionpack (4.1.5) lib/abstract_controller/base.rb:136:in `process'
  actionview (4.1.5) lib/action_view/rendering.rb:30:in `process'
  actionpack (4.1.5) lib/action_controller/metal.rb:196:in `dispatch'
  actionpack (4.1.5) lib/action_controller/metal/rack_delegation.rb:13:in `dispatch'
  actionpack (4.1.5) lib/action_controller/metal.rb:232:in `block in action'
  actionpack (4.1.5) lib/action_dispatch/routing/route_set.rb:82:in `call'
  actionpack (4.1.5) lib/action_dispatch/routing/route_set.rb:82:in `dispatch'
  actionpack (4.1.5) lib/action_dispatch/routing/route_set.rb:50:in `call'
  actionpack (4.1.5) lib/action_dispatch/journey/router.rb:71:in `block in call'
  actionpack (4.1.5) lib/action_dispatch/journey/router.rb:59:in `each'
  actionpack (4.1.5) lib/action_dispatch/journey/router.rb:59:in `call'
  actionpack (4.1.5) lib/action_dispatch/routing/route_set.rb:678:in `call'
  rack (1.5.5) lib/rack/etag.rb:23:in `call'
  rack (1.5.5) lib/rack/conditionalget.rb:25:in `call'
  rack (1.5.5) lib/rack/head.rb:11:in `call'
  actionpack (4.1.5) lib/action_dispatch/middleware/params_parser.rb:27:in `call'
  actionpack (4.1.5) lib/action_dispatch/middleware/flash.rb:254:in `call'
  rack (1.5.5) lib/rack/session/abstract/id.rb:225:in `context'
  rack (1.5.5) lib/rack/session/abstract/id.rb:220:in `call'
  actionpack (4.1.5) lib/action_dispatch/middleware/cookies.rb:560:in `call'
  activerecord (4.1.5) lib/active_record/query_cache.rb:36:in `call'
  activerecord (4.1.5) lib/active_record/connection_adapters/abstract/connection_pool.rb:621:in `call'
  activerecord (4.1.5) lib/active_record/migration.rb:380:in `call'
  actionpack (4.1.5) lib/action_dispatch/middleware/callbacks.rb:29:in `block in call'
  activesupport (4.1.5) lib/active_support/callbacks.rb:82:in `run_callbacks'
  actionpack (4.1.5) lib/action_dispatch/middleware/callbacks.rb:27:in `call'
  actionpack (4.1.5) lib/action_dispatch/middleware/reloader.rb:73:in `call'
  actionpack (4.1.5) lib/action_dispatch/middleware/remote_ip.rb:76:in `call'
  actionpack (4.1.5) lib/action_dispatch/middleware/debug_exceptions.rb:17:in `call'
  actionpack (4.1.5) lib/action_dispatch/middleware/show_exceptions.rb:30:in `call'
  railties (4.1.5) lib/rails/rack/logger.rb:38:in `call_app'
  railties (4.1.5) lib/rails/rack/logger.rb:20:in `block in call'
  activesupport (4.1.5) lib/active_support/tagged_logging.rb:68:in `block in tagged'
  activesupport (4.1.5) lib/active_support/tagged_logging.rb:26:in `tagged'
  activesupport (4.1.5) lib/active_support/tagged_logging.rb:68:in `tagged'
  railties (4.1.5) lib/rails/rack/logger.rb:20:in `call'
  actionpack (4.1.5) lib/action_dispatch/middleware/request_id.rb:21:in `call'
  rack (1.5.5) lib/rack/methodoverride.rb:21:in `call'
  rack (1.5.5) lib/rack/runtime.rb:17:in `call'
  activesupport (4.1.5) lib/active_support/cache/strategy/local_cache_middleware.rb:26:in `call'
  rack (1.5.5) lib/rack/lock.rb:17:in `call'
  actionpack (4.1.5) lib/action_dispatch/middleware/static.rb:64:in `call'
  rack (1.5.5) lib/rack/sendfile.rb:112:in `call'
  railties (4.1.5) lib/rails/engine.rb:514:in `call'
  railties (4.1.5) lib/rails/application.rb:144:in `call'
  rack (1.5.5) lib/rack/lock.rb:17:in `call'
  rack (1.5.5) lib/rack/content_length.rb:14:in `call'
  rack (1.5.5) lib/rack/handler/webrick.rb:60:in `service'
  /usr/share/ruby/webrick/httpserver.rb:138:in `service'
  /usr/share/ruby/webrick/httpserver.rb:94:in `run'
  /usr/share/ruby/webrick/server.rb:295:in `block in start_thread'


  Rendered /home/zahari/.gem/ruby/gems/actionpack-4.1.5/lib/action_dispatch/middleware/templates/rescues/missing_template.html.erb within rescues/layout (1.2ms)


Started GET "/contacts/2" for 127.0.0.1 at 2016-06-12 08:02:15 +0200
Processing by ContactsController#show as HTML
  Parameters: {"id"=>"2"}
  [1m[36mContact Load (0.1ms)[0m  [1mSELECT  "contacts".* FROM "contacts"  WHERE "contacts"."id" = ? LIMIT 1[0m  [["id", 2]]
Completed 500 Internal Server Error in 3ms

ActionView::MissingTemplate (Missing template contacts/show, application/show with {:locale=>[:en], :formats=>[:html, :xml], :variants=>[], :handlers=>[:erb, :builder, :raw, :ruby, :coffee, :jbuilder]}. Searched in:
  * "/home/zahari/workspace/codaissuer/Rails/tacta/app/views"
):
  actionview (4.1.5) lib/action_view/path_set.rb:46:in `find'
  actionview (4.1.5) lib/action_view/lookup_context.rb:124:in `find'
  actionview (4.1.5) lib/action_view/renderer/abstract_renderer.rb:18:in `find_template'
  actionview (4.1.5) lib/action_view/renderer/template_renderer.rb:41:in `determine_template'
  actionview (4.1.5) lib/action_view/renderer/template_renderer.rb:8:in `render'
  actionview (4.1.5) lib/action_view/renderer/renderer.rb:42:in `render_template'
  actionview (4.1.5) lib/action_view/renderer/renderer.rb:23:in `render'
  actionview (4.1.5) lib/action_view/rendering.rb:99:in `_render_template'
  actionpack (4.1.5) lib/action_controller/metal/streaming.rb:217:in `_render_template'
  actionview (4.1.5) lib/action_view/rendering.rb:82:in `render_to_body'
  actionpack (4.1.5) lib/action_controller/metal/rendering.rb:32:in `render_to_body'
  actionpack (4.1.5) lib/action_controller/metal/renderers.rb:32:in `render_to_body'
  actionpack (4.1.5) lib/abstract_controller/rendering.rb:25:in `render'
  actionpack (4.1.5) lib/action_controller/metal/rendering.rb:16:in `render'
  actionpack (4.1.5) lib/action_controller/metal/instrumentation.rb:41:in `block (2 levels) in render'
  activesupport (4.1.5) lib/active_support/core_ext/benchmark.rb:12:in `block in ms'
  /usr/share/ruby/benchmark.rb:294:in `realtime'
  activesupport (4.1.5) lib/active_support/core_ext/benchmark.rb:12:in `ms'
  actionpack (4.1.5) lib/action_controller/metal/instrumentation.rb:41:in `block in render'
  actionpack (4.1.5) lib/action_controller/metal/instrumentation.rb:84:in `cleanup_view_runtime'
  activerecord (4.1.5) lib/active_record/railties/controller_runtime.rb:25:in `cleanup_view_runtime'
  actionpack (4.1.5) lib/action_controller/metal/instrumentation.rb:40:in `render'
  actionpack (4.1.5) lib/action_controller/metal/implicit_render.rb:10:in `default_render'
  actionpack (4.1.5) lib/action_controller/metal/implicit_render.rb:5:in `send_action'
  actionpack (4.1.5) lib/abstract_controller/base.rb:189:in `process_action'
  actionpack (4.1.5) lib/action_controller/metal/rendering.rb:10:in `process_action'
  actionpack (4.1.5) lib/abstract_controller/callbacks.rb:20:in `block in process_action'
  activesupport (4.1.5) lib/active_support/callbacks.rb:113:in `call'
  activesupport (4.1.5) lib/active_support/callbacks.rb:113:in `call'
  activesupport (4.1.5) lib/active_support/callbacks.rb:229:in `block in halting'
  activesupport (4.1.5) lib/active_support/callbacks.rb:229:in `call'
  activesupport (4.1.5) lib/active_support/callbacks.rb:229:in `block in halting'
  activesupport (4.1.5) lib/active_support/callbacks.rb:166:in `call'
  activesupport (4.1.5) lib/active_support/callbacks.rb:166:in `block in halting'
  activesupport (4.1.5) lib/active_support/callbacks.rb:166:in `call'
  activesupport (4.1.5) lib/active_support/callbacks.rb:166:in `block in halting'
  activesupport (4.1.5) lib/active_support/callbacks.rb:166:in `call'
  activesupport (4.1.5) lib/active_support/callbacks.rb:166:in `block in halting'
  activesupport (4.1.5) lib/active_support/callbacks.rb:86:in `call'
  activesupport (4.1.5) lib/active_support/callbacks.rb:86:in `run_callbacks'
  actionpack (4.1.5) lib/abstract_controller/callbacks.rb:19:in `process_action'
  actionpack (4.1.5) lib/action_controller/metal/rescue.rb:29:in `process_action'
  actionpack (4.1.5) lib/action_controller/metal/instrumentation.rb:31:in `block in process_action'
  activesupport (4.1.5) lib/active_support/notifications.rb:159:in `block in instrument'
  activesupport (4.1.5) lib/active_support/notifications/instrumenter.rb:20:in `instrument'
  activesupport (4.1.5) lib/active_support/notifications.rb:159:in `instrument'
  actionpack (4.1.5) lib/action_controller/metal/instrumentation.rb:30:in `process_action'
  actionpack (4.1.5) lib/action_controller/metal/params_wrapper.rb:250:in `process_action'
  activerecord (4.1.5) lib/active_record/railties/controller_runtime.rb:18:in `process_action'
  actionpack (4.1.5) lib/abstract_controller/base.rb:136:in `process'
  actionview (4.1.5) lib/action_view/rendering.rb:30:in `process'
  actionpack (4.1.5) lib/action_controller/metal.rb:196:in `dispatch'
  actionpack (4.1.5) lib/action_controller/metal/rack_delegation.rb:13:in `dispatch'
  actionpack (4.1.5) lib/action_controller/metal.rb:232:in `block in action'
  actionpack (4.1.5) lib/action_dispatch/routing/route_set.rb:82:in `call'
  actionpack (4.1.5) lib/action_dispatch/routing/route_set.rb:82:in `dispatch'
  actionpack (4.1.5) lib/action_dispatch/routing/route_set.rb:50:in `call'
  actionpack (4.1.5) lib/action_dispatch/journey/router.rb:71:in `block in call'
  actionpack (4.1.5) lib/action_dispatch/journey/router.rb:59:in `each'
  actionpack (4.1.5) lib/action_dispatch/journey/router.rb:59:in `call'
  actionpack (4.1.5) lib/action_dispatch/routing/route_set.rb:678:in `call'
  rack (1.5.5) lib/rack/etag.rb:23:in `call'
  rack (1.5.5) lib/rack/conditionalget.rb:25:in `call'
  rack (1.5.5) lib/rack/head.rb:11:in `call'
  actionpack (4.1.5) lib/action_dispatch/middleware/params_parser.rb:27:in `call'
  actionpack (4.1.5) lib/action_dispatch/middleware/flash.rb:254:in `call'
  rack (1.5.5) lib/rack/session/abstract/id.rb:225:in `context'
  rack (1.5.5) lib/rack/session/abstract/id.rb:220:in `call'
  actionpack (4.1.5) lib/action_dispatch/middleware/cookies.rb:560:in `call'
  activerecord (4.1.5) lib/active_record/query_cache.rb:36:in `call'
  activerecord (4.1.5) lib/active_record/connection_adapters/abstract/connection_pool.rb:621:in `call'
  activerecord (4.1.5) lib/active_record/migration.rb:380:in `call'
  actionpack (4.1.5) lib/action_dispatch/middleware/callbacks.rb:29:in `block in call'
  activesupport (4.1.5) lib/active_support/callbacks.rb:82:in `run_callbacks'
  actionpack (4.1.5) lib/action_dispatch/middleware/callbacks.rb:27:in `call'
  actionpack (4.1.5) lib/action_dispatch/middleware/reloader.rb:73:in `call'
  actionpack (4.1.5) lib/action_dispatch/middleware/remote_ip.rb:76:in `call'
  actionpack (4.1.5) lib/action_dispatch/middleware/debug_exceptions.rb:17:in `call'
  actionpack (4.1.5) lib/action_dispatch/middleware/show_exceptions.rb:30:in `call'
  railties (4.1.5) lib/rails/rack/logger.rb:38:in `call_app'
  railties (4.1.5) lib/rails/rack/logger.rb:20:in `block in call'
  activesupport (4.1.5) lib/active_support/tagged_logging.rb:68:in `block in tagged'
  activesupport (4.1.5) lib/active_support/tagged_logging.rb:26:in `tagged'
  activesupport (4.1.5) lib/active_support/tagged_logging.rb:68:in `tagged'
  railties (4.1.5) lib/rails/rack/logger.rb:20:in `call'
  actionpack (4.1.5) lib/action_dispatch/middleware/request_id.rb:21:in `call'
  rack (1.5.5) lib/rack/methodoverride.rb:21:in `call'
  rack (1.5.5) lib/rack/runtime.rb:17:in `call'
  activesupport (4.1.5) lib/active_support/cache/strategy/local_cache_middleware.rb:26:in `call'
  rack (1.5.5) lib/rack/lock.rb:17:in `call'
  actionpack (4.1.5) lib/action_dispatch/middleware/static.rb:64:in `call'
  rack (1.5.5) lib/rack/sendfile.rb:112:in `call'
  railties (4.1.5) lib/rails/engine.rb:514:in `call'
  railties (4.1.5) lib/rails/application.rb:144:in `call'
  rack (1.5.5) lib/rack/lock.rb:17:in `call'
  rack (1.5.5) lib/rack/content_length.rb:14:in `call'
  rack (1.5.5) lib/rack/handler/webrick.rb:60:in `service'
  /usr/share/ruby/webrick/httpserver.rb:138:in `service'
  /usr/share/ruby/webrick/httpserver.rb:94:in `run'
  /usr/share/ruby/webrick/server.rb:295:in `block in start_thread'


  Rendered /home/zahari/.gem/ruby/gems/actionpack-4.1.5/lib/action_dispatch/middleware/templates/rescues/missing_template.html.erb within rescues/layout (0.5ms)


Started GET "/contacts/2" for 127.0.0.1 at 2016-06-12 08:02:15 +0200
Processing by ContactsController#show as HTML
  Parameters: {"id"=>"2"}
  [1m[35mContact Load (0.1ms)[0m  SELECT  "contacts".* FROM "contacts"  WHERE "contacts"."id" = ? LIMIT 1  [["id", 2]]
Completed 500 Internal Server Error in 3ms

ActionView::MissingTemplate (Missing template contacts/show, application/show with {:locale=>[:en], :formats=>[:html], :variants=>[], :handlers=>[:erb, :builder, :raw, :ruby, :coffee, :jbuilder]}. Searched in:
  * "/home/zahari/workspace/codaissuer/Rails/tacta/app/views"
):
  actionview (4.1.5) lib/action_view/path_set.rb:46:in `find'
  actionview (4.1.5) lib/action_view/lookup_context.rb:124:in `find'
  actionview (4.1.5) lib/action_view/renderer/abstract_renderer.rb:18:in `find_template'
  actionview (4.1.5) lib/action_view/renderer/template_renderer.rb:41:in `determine_template'
  actionview (4.1.5) lib/action_view/renderer/template_renderer.rb:8:in `render'
  actionview (4.1.5) lib/action_view/renderer/renderer.rb:42:in `render_template'
  actionview (4.1.5) lib/action_view/renderer/renderer.rb:23:in `render'
  actionview (4.1.5) lib/action_view/rendering.rb:99:in `_render_template'
  actionpack (4.1.5) lib/action_controller/metal/streaming.rb:217:in `_render_template'
  actionview (4.1.5) lib/action_view/rendering.rb:82:in `render_to_body'
  actionpack (4.1.5) lib/action_controller/metal/rendering.rb:32:in `render_to_body'
  actionpack (4.1.5) lib/action_controller/metal/renderers.rb:32:in `render_to_body'
  actionpack (4.1.5) lib/abstract_controller/rendering.rb:25:in `render'
  actionpack (4.1.5) lib/action_controller/metal/rendering.rb:16:in `render'
  actionpack (4.1.5) lib/action_controller/metal/instrumentation.rb:41:in `block (2 levels) in render'
  activesupport (4.1.5) lib/active_support/core_ext/benchmark.rb:12:in `block in ms'
  /usr/share/ruby/benchmark.rb:294:in `realtime'
  activesupport (4.1.5) lib/active_support/core_ext/benchmark.rb:12:in `ms'
  actionpack (4.1.5) lib/action_controller/metal/instrumentation.rb:41:in `block in render'
  actionpack (4.1.5) lib/action_controller/metal/instrumentation.rb:84:in `cleanup_view_runtime'
  activerecord (4.1.5) lib/active_record/railties/controller_runtime.rb:25:in `cleanup_view_runtime'
  actionpack (4.1.5) lib/action_controller/metal/instrumentation.rb:40:in `render'
  actionpack (4.1.5) lib/action_controller/metal/implicit_render.rb:10:in `default_render'
  actionpack (4.1.5) lib/action_controller/metal/implicit_render.rb:5:in `send_action'
  actionpack (4.1.5) lib/abstract_controller/base.rb:189:in `process_action'
  actionpack (4.1.5) lib/action_controller/metal/rendering.rb:10:in `process_action'
  actionpack (4.1.5) lib/abstract_controller/callbacks.rb:20:in `block in process_action'
  activesupport (4.1.5) lib/active_support/callbacks.rb:113:in `call'
  activesupport (4.1.5) lib/active_support/callbacks.rb:113:in `call'
  activesupport (4.1.5) lib/active_support/callbacks.rb:229:in `block in halting'
  activesupport (4.1.5) lib/active_support/callbacks.rb:229:in `call'
  activesupport (4.1.5) lib/active_support/callbacks.rb:229:in `block in halting'
  activesupport (4.1.5) lib/active_support/callbacks.rb:166:in `call'
  activesupport (4.1.5) lib/active_support/callbacks.rb:166:in `block in halting'
  activesupport (4.1.5) lib/active_support/callbacks.rb:166:in `call'
  activesupport (4.1.5) lib/active_support/callbacks.rb:166:in `block in halting'
  activesupport (4.1.5) lib/active_support/callbacks.rb:166:in `call'
  activesupport (4.1.5) lib/active_support/callbacks.rb:166:in `block in halting'
  activesupport (4.1.5) lib/active_support/callbacks.rb:86:in `call'
  activesupport (4.1.5) lib/active_support/callbacks.rb:86:in `run_callbacks'
  actionpack (4.1.5) lib/abstract_controller/callbacks.rb:19:in `process_action'
  actionpack (4.1.5) lib/action_controller/metal/rescue.rb:29:in `process_action'
  actionpack (4.1.5) lib/action_controller/metal/instrumentation.rb:31:in `block in process_action'
  activesupport (4.1.5) lib/active_support/notifications.rb:159:in `block in instrument'
  activesupport (4.1.5) lib/active_support/notifications/instrumenter.rb:20:in `instrument'
  activesupport (4.1.5) lib/active_support/notifications.rb:159:in `instrument'
  actionpack (4.1.5) lib/action_controller/metal/instrumentation.rb:30:in `process_action'
  actionpack (4.1.5) lib/action_controller/metal/params_wrapper.rb:250:in `process_action'
  activerecord (4.1.5) lib/active_record/railties/controller_runtime.rb:18:in `process_action'
  actionpack (4.1.5) lib/abstract_controller/base.rb:136:in `process'
  actionview (4.1.5) lib/action_view/rendering.rb:30:in `process'
  actionpack (4.1.5) lib/action_controller/metal.rb:196:in `dispatch'
  actionpack (4.1.5) lib/action_controller/metal/rack_delegation.rb:13:in `dispatch'
  actionpack (4.1.5) lib/action_controller/metal.rb:232:in `block in action'
  actionpack (4.1.5) lib/action_dispatch/routing/route_set.rb:82:in `call'
  actionpack (4.1.5) lib/action_dispatch/routing/route_set.rb:82:in `dispatch'
  actionpack (4.1.5) lib/action_dispatch/routing/route_set.rb:50:in `call'
  actionpack (4.1.5) lib/action_dispatch/journey/router.rb:71:in `block in call'
  actionpack (4.1.5) lib/action_dispatch/journey/router.rb:59:in `each'
  actionpack (4.1.5) lib/action_dispatch/journey/router.rb:59:in `call'
  actionpack (4.1.5) lib/action_dispatch/routing/route_set.rb:678:in `call'
  rack (1.5.5) lib/rack/etag.rb:23:in `call'
  rack (1.5.5) lib/rack/conditionalget.rb:25:in `call'
  rack (1.5.5) lib/rack/head.rb:11:in `call'
  actionpack (4.1.5) lib/action_dispatch/middleware/params_parser.rb:27:in `call'
  actionpack (4.1.5) lib/action_dispatch/middleware/flash.rb:254:in `call'
  rack (1.5.5) lib/rack/session/abstract/id.rb:225:in `context'
  rack (1.5.5) lib/rack/session/abstract/id.rb:220:in `call'
  actionpack (4.1.5) lib/action_dispatch/middleware/cookies.rb:560:in `call'
  activerecord (4.1.5) lib/active_record/query_cache.rb:36:in `call'
  activerecord (4.1.5) lib/active_record/connection_adapters/abstract/connection_pool.rb:621:in `call'
  activerecord (4.1.5) lib/active_record/migration.rb:380:in `call'
  actionpack (4.1.5) lib/action_dispatch/middleware/callbacks.rb:29:in `block in call'
  activesupport (4.1.5) lib/active_support/callbacks.rb:82:in `run_callbacks'
  actionpack (4.1.5) lib/action_dispatch/middleware/callbacks.rb:27:in `call'
  actionpack (4.1.5) lib/action_dispatch/middleware/reloader.rb:73:in `call'
  actionpack (4.1.5) lib/action_dispatch/middleware/remote_ip.rb:76:in `call'
  actionpack (4.1.5) lib/action_dispatch/middleware/debug_exceptions.rb:17:in `call'
  actionpack (4.1.5) lib/action_dispatch/middleware/show_exceptions.rb:30:in `call'
  railties (4.1.5) lib/rails/rack/logger.rb:38:in `call_app'
  railties (4.1.5) lib/rails/rack/logger.rb:20:in `block in call'
  activesupport (4.1.5) lib/active_support/tagged_logging.rb:68:in `block in tagged'
  activesupport (4.1.5) lib/active_support/tagged_logging.rb:26:in `tagged'
  activesupport (4.1.5) lib/active_support/tagged_logging.rb:68:in `tagged'
  railties (4.1.5) lib/rails/rack/logger.rb:20:in `call'
  actionpack (4.1.5) lib/action_dispatch/middleware/request_id.rb:21:in `call'
  rack (1.5.5) lib/rack/methodoverride.rb:21:in `call'
  rack (1.5.5) lib/rack/runtime.rb:17:in `call'
  activesupport (4.1.5) lib/active_support/cache/strategy/local_cache_middleware.rb:26:in `call'
  rack (1.5.5) lib/rack/lock.rb:17:in `call'
  actionpack (4.1.5) lib/action_dispatch/middleware/static.rb:64:in `call'
  rack (1.5.5) lib/rack/sendfile.rb:112:in `call'
  railties (4.1.5) lib/rails/engine.rb:514:in `call'
  railties (4.1.5) lib/rails/application.rb:144:in `call'
  rack (1.5.5) lib/rack/lock.rb:17:in `call'
  rack (1.5.5) lib/rack/content_length.rb:14:in `call'
  rack (1.5.5) lib/rack/handler/webrick.rb:60:in `service'
  /usr/share/ruby/webrick/httpserver.rb:138:in `service'
  /usr/share/ruby/webrick/httpserver.rb:94:in `run'
  /usr/share/ruby/webrick/server.rb:295:in `block in start_thread'


  Rendered /home/zahari/.gem/ruby/gems/actionpack-4.1.5/lib/action_dispatch/middleware/templates/rescues/missing_template.html.erb within rescues/layout (0.4ms)


Started GET "/contacts/1" for 127.0.0.1 at 2016-06-12 08:02:28 +0200
Processing by ContactsController#show as HTML
  Parameters: {"id"=>"1"}
  [1m[36mContact Load (0.1ms)[0m  [1mSELECT  "contacts".* FROM "contacts"  WHERE "contacts"."id" = ? LIMIT 1[0m  [["id", 1]]
Completed 500 Internal Server Error in 4ms

ActionView::MissingTemplate (Missing template contacts/show, application/show with {:locale=>[:en], :formats=>[:html, :xml], :variants=>[], :handlers=>[:erb, :builder, :raw, :ruby, :coffee, :jbuilder]}. Searched in:
  * "/home/zahari/workspace/codaissuer/Rails/tacta/app/views"
):
  actionview (4.1.5) lib/action_view/path_set.rb:46:in `find'
  actionview (4.1.5) lib/action_view/lookup_context.rb:124:in `find'
  actionview (4.1.5) lib/action_view/renderer/abstract_renderer.rb:18:in `find_template'
  actionview (4.1.5) lib/action_view/renderer/template_renderer.rb:41:in `determine_template'
  actionview (4.1.5) lib/action_view/renderer/template_renderer.rb:8:in `render'
  actionview (4.1.5) lib/action_view/renderer/renderer.rb:42:in `render_template'
  actionview (4.1.5) lib/action_view/renderer/renderer.rb:23:in `render'
  actionview (4.1.5) lib/action_view/rendering.rb:99:in `_render_template'
  actionpack (4.1.5) lib/action_controller/metal/streaming.rb:217:in `_render_template'
  actionview (4.1.5) lib/action_view/rendering.rb:82:in `render_to_body'
  actionpack (4.1.5) lib/action_controller/metal/rendering.rb:32:in `render_to_body'
  actionpack (4.1.5) lib/action_controller/metal/renderers.rb:32:in `render_to_body'
  actionpack (4.1.5) lib/abstract_controller/rendering.rb:25:in `render'
  actionpack (4.1.5) lib/action_controller/metal/rendering.rb:16:in `render'
  actionpack (4.1.5) lib/action_controller/metal/instrumentation.rb:41:in `block (2 levels) in render'
  activesupport (4.1.5) lib/active_support/core_ext/benchmark.rb:12:in `block in ms'
  /usr/share/ruby/benchmark.rb:294:in `realtime'
  activesupport (4.1.5) lib/active_support/core_ext/benchmark.rb:12:in `ms'
  actionpack (4.1.5) lib/action_controller/metal/instrumentation.rb:41:in `block in render'
  actionpack (4.1.5) lib/action_controller/metal/instrumentation.rb:84:in `cleanup_view_runtime'
  activerecord (4.1.5) lib/active_record/railties/controller_runtime.rb:25:in `cleanup_view_runtime'
  actionpack (4.1.5) lib/action_controller/metal/instrumentation.rb:40:in `render'
  actionpack (4.1.5) lib/action_controller/metal/implicit_render.rb:10:in `default_render'
  actionpack (4.1.5) lib/action_controller/metal/implicit_render.rb:5:in `send_action'
  actionpack (4.1.5) lib/abstract_controller/base.rb:189:in `process_action'
  actionpack (4.1.5) lib/action_controller/metal/rendering.rb:10:in `process_action'
  actionpack (4.1.5) lib/abstract_controller/callbacks.rb:20:in `block in process_action'
  activesupport (4.1.5) lib/active_support/callbacks.rb:113:in `call'
  activesupport (4.1.5) lib/active_support/callbacks.rb:113:in `call'
  activesupport (4.1.5) lib/active_support/callbacks.rb:229:in `block in halting'
  activesupport (4.1.5) lib/active_support/callbacks.rb:229:in `call'
  activesupport (4.1.5) lib/active_support/callbacks.rb:229:in `block in halting'
  activesupport (4.1.5) lib/active_support/callbacks.rb:166:in `call'
  activesupport (4.1.5) lib/active_support/callbacks.rb:166:in `block in halting'
  activesupport (4.1.5) lib/active_support/callbacks.rb:166:in `call'
  activesupport (4.1.5) lib/active_support/callbacks.rb:166:in `block in halting'
  activesupport (4.1.5) lib/active_support/callbacks.rb:166:in `call'
  activesupport (4.1.5) lib/active_support/callbacks.rb:166:in `block in halting'
  activesupport (4.1.5) lib/active_support/callbacks.rb:86:in `call'
  activesupport (4.1.5) lib/active_support/callbacks.rb:86:in `run_callbacks'
  actionpack (4.1.5) lib/abstract_controller/callbacks.rb:19:in `process_action'
  actionpack (4.1.5) lib/action_controller/metal/rescue.rb:29:in `process_action'
  actionpack (4.1.5) lib/action_controller/metal/instrumentation.rb:31:in `block in process_action'
  activesupport (4.1.5) lib/active_support/notifications.rb:159:in `block in instrument'
  activesupport (4.1.5) lib/active_support/notifications/instrumenter.rb:20:in `instrument'
  activesupport (4.1.5) lib/active_support/notifications.rb:159:in `instrument'
  actionpack (4.1.5) lib/action_controller/metal/instrumentation.rb:30:in `process_action'
  actionpack (4.1.5) lib/action_controller/metal/params_wrapper.rb:250:in `process_action'
  activerecord (4.1.5) lib/active_record/railties/controller_runtime.rb:18:in `process_action'
  actionpack (4.1.5) lib/abstract_controller/base.rb:136:in `process'
  actionview (4.1.5) lib/action_view/rendering.rb:30:in `process'
  actionpack (4.1.5) lib/action_controller/metal.rb:196:in `dispatch'
  actionpack (4.1.5) lib/action_controller/metal/rack_delegation.rb:13:in `dispatch'
  actionpack (4.1.5) lib/action_controller/metal.rb:232:in `block in action'
  actionpack (4.1.5) lib/action_dispatch/routing/route_set.rb:82:in `call'
  actionpack (4.1.5) lib/action_dispatch/routing/route_set.rb:82:in `dispatch'
  actionpack (4.1.5) lib/action_dispatch/routing/route_set.rb:50:in `call'
  actionpack (4.1.5) lib/action_dispatch/journey/router.rb:71:in `block in call'
  actionpack (4.1.5) lib/action_dispatch/journey/router.rb:59:in `each'
  actionpack (4.1.5) lib/action_dispatch/journey/router.rb:59:in `call'
  actionpack (4.1.5) lib/action_dispatch/routing/route_set.rb:678:in `call'
  rack (1.5.5) lib/rack/etag.rb:23:in `call'
  rack (1.5.5) lib/rack/conditionalget.rb:25:in `call'
  rack (1.5.5) lib/rack/head.rb:11:in `call'
  actionpack (4.1.5) lib/action_dispatch/middleware/params_parser.rb:27:in `call'
  actionpack (4.1.5) lib/action_dispatch/middleware/flash.rb:254:in `call'
  rack (1.5.5) lib/rack/session/abstract/id.rb:225:in `context'
  rack (1.5.5) lib/rack/session/abstract/id.rb:220:in `call'
  actionpack (4.1.5) lib/action_dispatch/middleware/cookies.rb:560:in `call'
  activerecord (4.1.5) lib/active_record/query_cache.rb:36:in `call'
  activerecord (4.1.5) lib/active_record/connection_adapters/abstract/connection_pool.rb:621:in `call'
  activerecord (4.1.5) lib/active_record/migration.rb:380:in `call'
  actionpack (4.1.5) lib/action_dispatch/middleware/callbacks.rb:29:in `block in call'
  activesupport (4.1.5) lib/active_support/callbacks.rb:82:in `run_callbacks'
  actionpack (4.1.5) lib/action_dispatch/middleware/callbacks.rb:27:in `call'
  actionpack (4.1.5) lib/action_dispatch/middleware/reloader.rb:73:in `call'
  actionpack (4.1.5) lib/action_dispatch/middleware/remote_ip.rb:76:in `call'
  actionpack (4.1.5) lib/action_dispatch/middleware/debug_exceptions.rb:17:in `call'
  actionpack (4.1.5) lib/action_dispatch/middleware/show_exceptions.rb:30:in `call'
  railties (4.1.5) lib/rails/rack/logger.rb:38:in `call_app'
  railties (4.1.5) lib/rails/rack/logger.rb:20:in `block in call'
  activesupport (4.1.5) lib/active_support/tagged_logging.rb:68:in `block in tagged'
  activesupport (4.1.5) lib/active_support/tagged_logging.rb:26:in `tagged'
  activesupport (4.1.5) lib/active_support/tagged_logging.rb:68:in `tagged'
  railties (4.1.5) lib/rails/rack/logger.rb:20:in `call'
  actionpack (4.1.5) lib/action_dispatch/middleware/request_id.rb:21:in `call'
  rack (1.5.5) lib/rack/methodoverride.rb:21:in `call'
  rack (1.5.5) lib/rack/runtime.rb:17:in `call'
  activesupport (4.1.5) lib/active_support/cache/strategy/local_cache_middleware.rb:26:in `call'
  rack (1.5.5) lib/rack/lock.rb:17:in `call'
  actionpack (4.1.5) lib/action_dispatch/middleware/static.rb:64:in `call'
  rack (1.5.5) lib/rack/sendfile.rb:112:in `call'
  railties (4.1.5) lib/rails/engine.rb:514:in `call'
  railties (4.1.5) lib/rails/application.rb:144:in `call'
  rack (1.5.5) lib/rack/lock.rb:17:in `call'
  rack (1.5.5) lib/rack/content_length.rb:14:in `call'
  rack (1.5.5) lib/rack/handler/webrick.rb:60:in `service'
  /usr/share/ruby/webrick/httpserver.rb:138:in `service'
  /usr/share/ruby/webrick/httpserver.rb:94:in `run'
  /usr/share/ruby/webrick/server.rb:295:in `block in start_thread'


  Rendered /home/zahari/.gem/ruby/gems/actionpack-4.1.5/lib/action_dispatch/middleware/templates/rescues/missing_template.html.erb within rescues/layout (0.5ms)


Started GET "/contacts/1" for 127.0.0.1 at 2016-06-12 08:02:28 +0200
Processing by ContactsController#show as HTML
  Parameters: {"id"=>"1"}
  [1m[35mContact Load (0.1ms)[0m  SELECT  "contacts".* FROM "contacts"  WHERE "contacts"."id" = ? LIMIT 1  [["id", 1]]
Completed 500 Internal Server Error in 2ms

ActionView::MissingTemplate (Missing template contacts/show, application/show with {:locale=>[:en], :formats=>[:html], :variants=>[], :handlers=>[:erb, :builder, :raw, :ruby, :coffee, :jbuilder]}. Searched in:
  * "/home/zahari/workspace/codaissuer/Rails/tacta/app/views"
):
  actionview (4.1.5) lib/action_view/path_set.rb:46:in `find'
  actionview (4.1.5) lib/action_view/lookup_context.rb:124:in `find'
  actionview (4.1.5) lib/action_view/renderer/abstract_renderer.rb:18:in `find_template'
  actionview (4.1.5) lib/action_view/renderer/template_renderer.rb:41:in `determine_template'
  actionview (4.1.5) lib/action_view/renderer/template_renderer.rb:8:in `render'
  actionview (4.1.5) lib/action_view/renderer/renderer.rb:42:in `render_template'
  actionview (4.1.5) lib/action_view/renderer/renderer.rb:23:in `render'
  actionview (4.1.5) lib/action_view/rendering.rb:99:in `_render_template'
  actionpack (4.1.5) lib/action_controller/metal/streaming.rb:217:in `_render_template'
  actionview (4.1.5) lib/action_view/rendering.rb:82:in `render_to_body'
  actionpack (4.1.5) lib/action_controller/metal/rendering.rb:32:in `render_to_body'
  actionpack (4.1.5) lib/action_controller/metal/renderers.rb:32:in `render_to_body'
  actionpack (4.1.5) lib/abstract_controller/rendering.rb:25:in `render'
  actionpack (4.1.5) lib/action_controller/metal/rendering.rb:16:in `render'
  actionpack (4.1.5) lib/action_controller/metal/instrumentation.rb:41:in `block (2 levels) in render'
  activesupport (4.1.5) lib/active_support/core_ext/benchmark.rb:12:in `block in ms'
  /usr/share/ruby/benchmark.rb:294:in `realtime'
  activesupport (4.1.5) lib/active_support/core_ext/benchmark.rb:12:in `ms'
  actionpack (4.1.5) lib/action_controller/metal/instrumentation.rb:41:in `block in render'
  actionpack (4.1.5) lib/action_controller/metal/instrumentation.rb:84:in `cleanup_view_runtime'
  activerecord (4.1.5) lib/active_record/railties/controller_runtime.rb:25:in `cleanup_view_runtime'
  actionpack (4.1.5) lib/action_controller/metal/instrumentation.rb:40:in `render'
  actionpack (4.1.5) lib/action_controller/metal/implicit_render.rb:10:in `default_render'
  actionpack (4.1.5) lib/action_controller/metal/implicit_render.rb:5:in `send_action'
  actionpack (4.1.5) lib/abstract_controller/base.rb:189:in `process_action'
  actionpack (4.1.5) lib/action_controller/metal/rendering.rb:10:in `process_action'
  actionpack (4.1.5) lib/abstract_controller/callbacks.rb:20:in `block in process_action'
  activesupport (4.1.5) lib/active_support/callbacks.rb:113:in `call'
  activesupport (4.1.5) lib/active_support/callbacks.rb:113:in `call'
  activesupport (4.1.5) lib/active_support/callbacks.rb:229:in `block in halting'
  activesupport (4.1.5) lib/active_support/callbacks.rb:229:in `call'
  activesupport (4.1.5) lib/active_support/callbacks.rb:229:in `block in halting'
  activesupport (4.1.5) lib/active_support/callbacks.rb:166:in `call'
  activesupport (4.1.5) lib/active_support/callbacks.rb:166:in `block in halting'
  activesupport (4.1.5) lib/active_support/callbacks.rb:166:in `call'
  activesupport (4.1.5) lib/active_support/callbacks.rb:166:in `block in halting'
  activesupport (4.1.5) lib/active_support/callbacks.rb:166:in `call'
  activesupport (4.1.5) lib/active_support/callbacks.rb:166:in `block in halting'
  activesupport (4.1.5) lib/active_support/callbacks.rb:86:in `call'
  activesupport (4.1.5) lib/active_support/callbacks.rb:86:in `run_callbacks'
  actionpack (4.1.5) lib/abstract_controller/callbacks.rb:19:in `process_action'
  actionpack (4.1.5) lib/action_controller/metal/rescue.rb:29:in `process_action'
  actionpack (4.1.5) lib/action_controller/metal/instrumentation.rb:31:in `block in process_action'
  activesupport (4.1.5) lib/active_support/notifications.rb:159:in `block in instrument'
  activesupport (4.1.5) lib/active_support/notifications/instrumenter.rb:20:in `instrument'
  activesupport (4.1.5) lib/active_support/notifications.rb:159:in `instrument'
  actionpack (4.1.5) lib/action_controller/metal/instrumentation.rb:30:in `process_action'
  actionpack (4.1.5) lib/action_controller/metal/params_wrapper.rb:250:in `process_action'
  activerecord (4.1.5) lib/active_record/railties/controller_runtime.rb:18:in `process_action'
  actionpack (4.1.5) lib/abstract_controller/base.rb:136:in `process'
  actionview (4.1.5) lib/action_view/rendering.rb:30:in `process'
  actionpack (4.1.5) lib/action_controller/metal.rb:196:in `dispatch'
  actionpack (4.1.5) lib/action_controller/metal/rack_delegation.rb:13:in `dispatch'
  actionpack (4.1.5) lib/action_controller/metal.rb:232:in `block in action'
  actionpack (4.1.5) lib/action_dispatch/routing/route_set.rb:82:in `call'
  actionpack (4.1.5) lib/action_dispatch/routing/route_set.rb:82:in `dispatch'
  actionpack (4.1.5) lib/action_dispatch/routing/route_set.rb:50:in `call'
  actionpack (4.1.5) lib/action_dispatch/journey/router.rb:71:in `block in call'
  actionpack (4.1.5) lib/action_dispatch/journey/router.rb:59:in `each'
  actionpack (4.1.5) lib/action_dispatch/journey/router.rb:59:in `call'
  actionpack (4.1.5) lib/action_dispatch/routing/route_set.rb:678:in `call'
  rack (1.5.5) lib/rack/etag.rb:23:in `call'
  rack (1.5.5) lib/rack/conditionalget.rb:25:in `call'
  rack (1.5.5) lib/rack/head.rb:11:in `call'
  actionpack (4.1.5) lib/action_dispatch/middleware/params_parser.rb:27:in `call'
  actionpack (4.1.5) lib/action_dispatch/middleware/flash.rb:254:in `call'
  rack (1.5.5) lib/rack/session/abstract/id.rb:225:in `context'
  rack (1.5.5) lib/rack/session/abstract/id.rb:220:in `call'
  actionpack (4.1.5) lib/action_dispatch/middleware/cookies.rb:560:in `call'
  activerecord (4.1.5) lib/active_record/query_cache.rb:36:in `call'
  activerecord (4.1.5) lib/active_record/connection_adapters/abstract/connection_pool.rb:621:in `call'
  activerecord (4.1.5) lib/active_record/migration.rb:380:in `call'
  actionpack (4.1.5) lib/action_dispatch/middleware/callbacks.rb:29:in `block in call'
  activesupport (4.1.5) lib/active_support/callbacks.rb:82:in `run_callbacks'
  actionpack (4.1.5) lib/action_dispatch/middleware/callbacks.rb:27:in `call'
  actionpack (4.1.5) lib/action_dispatch/middleware/reloader.rb:73:in `call'
  actionpack (4.1.5) lib/action_dispatch/middleware/remote_ip.rb:76:in `call'
  actionpack (4.1.5) lib/action_dispatch/middleware/debug_exceptions.rb:17:in `call'
  actionpack (4.1.5) lib/action_dispatch/middleware/show_exceptions.rb:30:in `call'
  railties (4.1.5) lib/rails/rack/logger.rb:38:in `call_app'
  railties (4.1.5) lib/rails/rack/logger.rb:20:in `block in call'
  activesupport (4.1.5) lib/active_support/tagged_logging.rb:68:in `block in tagged'
  activesupport (4.1.5) lib/active_support/tagged_logging.rb:26:in `tagged'
  activesupport (4.1.5) lib/active_support/tagged_logging.rb:68:in `tagged'
  railties (4.1.5) lib/rails/rack/logger.rb:20:in `call'
  actionpack (4.1.5) lib/action_dispatch/middleware/request_id.rb:21:in `call'
  rack (1.5.5) lib/rack/methodoverride.rb:21:in `call'
  rack (1.5.5) lib/rack/runtime.rb:17:in `call'
  activesupport (4.1.5) lib/active_support/cache/strategy/local_cache_middleware.rb:26:in `call'
  rack (1.5.5) lib/rack/lock.rb:17:in `call'
  actionpack (4.1.5) lib/action_dispatch/middleware/static.rb:64:in `call'
  rack (1.5.5) lib/rack/sendfile.rb:112:in `call'
  railties (4.1.5) lib/rails/engine.rb:514:in `call'
  railties (4.1.5) lib/rails/application.rb:144:in `call'
  rack (1.5.5) lib/rack/lock.rb:17:in `call'
  rack (1.5.5) lib/rack/content_length.rb:14:in `call'
  rack (1.5.5) lib/rack/handler/webrick.rb:60:in `service'
  /usr/share/ruby/webrick/httpserver.rb:138:in `service'
  /usr/share/ruby/webrick/httpserver.rb:94:in `run'
  /usr/share/ruby/webrick/server.rb:295:in `block in start_thread'


  Rendered /home/zahari/.gem/ruby/gems/actionpack-4.1.5/lib/action_dispatch/middleware/templates/rescues/missing_template.html.erb within rescues/layout (0.4ms)
